<?xml version="1.0" encoding="UTF-8"?>
<!-- Generated by org.testng.reporters.JUnitReportReporter -->
<testsuite skipped="0" hostname="DESKTOP-LV83N80" name="test.LoginTest" tests="1" failures="0" timestamp="2021-10-20T14:01:56 CDT" time="7.290" errors="0">
  <testcase name="validUserShouldBeAbleToLogin" time="7.290" classname="test.LoginTest"/>
  <system-out/>
</testsuite> <!-- test.LoginTest -->
